2020-11-29 11:33:03 INFO [it.unipr.ingegneria.db.DBContext:24] - Connecting to database...
2020-11-29 11:33:04 INFO [it.unipr.ingegneria.entities.Warehouse:48] - Inserted Warehouse with ID: 190 in WAREHOUSE Table
2020-11-29 11:34:00 INFO [it.unipr.ingegneria.db.DBContext:24] - Connecting to database...
2020-11-29 11:34:01 INFO [it.unipr.ingegneria.entities.Warehouse:48] - Inserted Warehouse with ID: 191 in WAREHOUSE Table
2020-11-29 11:35:13 INFO [it.unipr.ingegneria.db.DBContext:24] - Connecting to database...
2020-11-29 11:35:14 INFO [it.unipr.ingegneria.entities.Warehouse:48] - Inserted Warehouse with ID: 192 in WAREHOUSE Table
2020-11-29 11:36:03 INFO [it.unipr.ingegneria.db.DBContext:24] - Connecting to database...
2020-11-29 11:36:04 INFO [it.unipr.ingegneria.entities.Warehouse:48] - Inserted Warehouse with ID: 193 in WAREHOUSE Table
2020-11-29 11:36:50 INFO [it.unipr.ingegneria.db.DBContext:24] - Connecting to database...
2020-11-29 11:36:51 INFO [it.unipr.ingegneria.entities.Warehouse:48] - Inserted Warehouse with ID: 194 in WAREHOUSE Table
2020-11-29 11:38:28 INFO [it.unipr.ingegneria.db.DBContext:24] - Connecting to database...
2020-11-29 11:38:29 INFO [it.unipr.ingegneria.entities.Warehouse:48] - Inserted Warehouse with ID: 195 in WAREHOUSE Table
2020-11-29 11:40:23 INFO [it.unipr.ingegneria.db.DBContext:24] - Connecting to database...
2020-11-29 11:40:24 INFO [it.unipr.ingegneria.entities.Warehouse:48] - Inserted Warehouse with ID: 196 in WAREHOUSE Table
2020-11-29 11:41:21 INFO [it.unipr.ingegneria.db.DBContext:24] - Connecting to database...
2020-11-29 11:41:22 INFO [it.unipr.ingegneria.entities.Warehouse:48] - Inserted Warehouse with ID: 197 in WAREHOUSE Table
2020-11-29 11:41:58 INFO [it.unipr.ingegneria.db.DBContext:24] - Connecting to database...
2020-11-29 11:41:59 INFO [it.unipr.ingegneria.entities.Warehouse:48] - Inserted Warehouse with ID: 198 in WAREHOUSE Table
2020-11-29 11:42:32 INFO [it.unipr.ingegneria.entities.Warehouse:59] - Add in Warehouse Wine
2020-11-29 11:42:32 INFO [it.unipr.ingegneria.entities.Wine:210] - Inserted Wine with ID: 3107 in WINE Table
2020-11-29 11:42:32 INFO [it.unipr.ingegneria.entities.Wine:210] - Inserted Wine with ID: 3108 in WINE Table
2020-11-29 11:42:32 INFO [it.unipr.ingegneria.entities.Wine:210] - Inserted Wine with ID: 3109 in WINE Table
2020-11-29 11:42:32 INFO [it.unipr.ingegneria.entities.Wine:210] - Inserted Wine with ID: 3110 in WINE Table
2020-11-29 11:42:32 INFO [it.unipr.ingegneria.entities.Wine:210] - Inserted Wine with ID: 3111 in WINE Table
2020-11-29 11:42:32 INFO [it.unipr.ingegneria.entities.Wine:210] - Inserted Wine with ID: 3112 in WINE Table
2020-11-29 11:42:32 INFO [it.unipr.ingegneria.entities.Wine:210] - Inserted Wine with ID: 3113 in WINE Table
2020-11-29 11:42:32 INFO [it.unipr.ingegneria.entities.Wine:210] - Inserted Wine with ID: 3114 in WINE Table
2020-11-29 11:42:32 INFO [it.unipr.ingegneria.entities.Wine:210] - Inserted Wine with ID: 3115 in WINE Table
2020-11-29 11:42:32 INFO [it.unipr.ingegneria.entities.Wine:210] - Inserted Wine with ID: 3116 in WINE Table
2020-11-29 11:42:32 INFO [it.unipr.ingegneria.entities.Wine:210] - Inserted Wine with ID: 3117 in WINE Table
2020-11-29 11:42:32 INFO [it.unipr.ingegneria.entities.Wine:210] - Inserted Wine with ID: 3118 in WINE Table
2020-11-29 11:42:32 INFO [it.unipr.ingegneria.entities.Wine:210] - Inserted Wine with ID: 3119 in WINE Table
2020-11-29 11:42:32 INFO [it.unipr.ingegneria.entities.Wine:210] - Inserted Wine with ID: 3120 in WINE Table
2020-11-29 11:42:32 INFO [it.unipr.ingegneria.entities.Wine:210] - Inserted Wine with ID: 3121 in WINE Table
2020-11-29 11:42:32 INFO [it.unipr.ingegneria.entities.Wine:210] - Inserted Wine with ID: 3122 in WINE Table
2020-11-29 11:42:32 INFO [it.unipr.ingegneria.entities.Wine:210] - Inserted Wine with ID: 3123 in WINE Table
2020-11-29 11:42:32 INFO [it.unipr.ingegneria.entities.Wine:210] - Inserted Wine with ID: 3124 in WINE Table
2020-11-29 11:42:32 INFO [it.unipr.ingegneria.entities.Wine:210] - Inserted Wine with ID: 3125 in WINE Table
2020-11-29 11:42:32 INFO [it.unipr.ingegneria.entities.Wine:210] - Inserted Wine with ID: 3126 in WINE Table
2020-11-29 11:42:32 INFO [it.unipr.ingegneria.entities.Wine:210] - Inserted Wine with ID: 3127 in WINE Table
2020-11-29 11:42:32 INFO [it.unipr.ingegneria.entities.Wine:210] - Inserted Wine with ID: 3128 in WINE Table
2020-11-29 11:42:32 INFO [it.unipr.ingegneria.entities.Wine:210] - Inserted Wine with ID: 3129 in WINE Table
2020-11-29 11:42:32 INFO [it.unipr.ingegneria.entities.Wine:210] - Inserted Wine with ID: 3130 in WINE Table
2020-11-29 11:42:32 INFO [it.unipr.ingegneria.entities.Wine:210] - Inserted Wine with ID: 3131 in WINE Table
2020-11-29 11:42:36 INFO [it.unipr.ingegneria.entities.Warehouse:59] - Add in Warehouse Wine
2020-11-29 11:42:37 INFO [it.unipr.ingegneria.entities.Wine:210] - Inserted Wine with ID: 3132 in WINE Table
2020-11-29 11:42:37 INFO [it.unipr.ingegneria.entities.Wine:210] - Inserted Wine with ID: 3133 in WINE Table
2020-11-29 11:42:37 INFO [it.unipr.ingegneria.entities.Wine:210] - Inserted Wine with ID: 3134 in WINE Table
2020-11-29 11:42:37 INFO [it.unipr.ingegneria.entities.Wine:210] - Inserted Wine with ID: 3135 in WINE Table
2020-11-29 11:42:37 INFO [it.unipr.ingegneria.entities.Wine:210] - Inserted Wine with ID: 3136 in WINE Table
2020-11-29 11:42:37 INFO [it.unipr.ingegneria.entities.Wine:210] - Inserted Wine with ID: 3137 in WINE Table
2020-11-29 11:42:37 INFO [it.unipr.ingegneria.entities.Wine:210] - Inserted Wine with ID: 3138 in WINE Table
2020-11-29 11:42:37 INFO [it.unipr.ingegneria.entities.Wine:210] - Inserted Wine with ID: 3139 in WINE Table
2020-11-29 11:42:37 INFO [it.unipr.ingegneria.entities.Wine:210] - Inserted Wine with ID: 3140 in WINE Table
2020-11-29 11:42:37 INFO [it.unipr.ingegneria.entities.Wine:210] - Inserted Wine with ID: 3141 in WINE Table
2020-11-29 11:42:37 INFO [it.unipr.ingegneria.entities.Wine:210] - Inserted Wine with ID: 3142 in WINE Table
2020-11-29 11:42:37 INFO [it.unipr.ingegneria.entities.Wine:210] - Inserted Wine with ID: 3143 in WINE Table
2020-11-29 11:42:37 INFO [it.unipr.ingegneria.entities.Wine:210] - Inserted Wine with ID: 3144 in WINE Table
2020-11-29 11:42:37 INFO [it.unipr.ingegneria.entities.Wine:210] - Inserted Wine with ID: 3145 in WINE Table
2020-11-29 11:42:37 INFO [it.unipr.ingegneria.entities.Wine:210] - Inserted Wine with ID: 3146 in WINE Table
2020-11-29 11:42:37 INFO [it.unipr.ingegneria.entities.Wine:210] - Inserted Wine with ID: 3147 in WINE Table
2020-11-29 11:42:37 INFO [it.unipr.ingegneria.entities.Wine:210] - Inserted Wine with ID: 3148 in WINE Table
2020-11-29 11:42:37 INFO [it.unipr.ingegneria.entities.Wine:210] - Inserted Wine with ID: 3149 in WINE Table
2020-11-29 11:42:37 INFO [it.unipr.ingegneria.entities.Wine:210] - Inserted Wine with ID: 3150 in WINE Table
2020-11-29 11:42:37 INFO [it.unipr.ingegneria.entities.Wine:210] - Inserted Wine with ID: 3151 in WINE Table
2020-11-29 11:42:37 INFO [it.unipr.ingegneria.entities.Wine:210] - Inserted Wine with ID: 3152 in WINE Table
2020-11-29 11:42:37 INFO [it.unipr.ingegneria.entities.Wine:210] - Inserted Wine with ID: 3153 in WINE Table
2020-11-29 11:42:37 INFO [it.unipr.ingegneria.entities.Wine:210] - Inserted Wine with ID: 3154 in WINE Table
2020-11-29 11:42:37 INFO [it.unipr.ingegneria.entities.Wine:210] - Inserted Wine with ID: 3155 in WINE Table
2020-11-29 11:42:37 INFO [it.unipr.ingegneria.entities.Wine:210] - Inserted Wine with ID: 3156 in WINE Table
2020-11-29 11:48:13 INFO [it.unipr.ingegneria.db.DBContext:24] - Connecting to database...
2020-11-29 11:48:14 INFO [it.unipr.ingegneria.entities.Warehouse:48] - Inserted Warehouse with ID: 199 in WAREHOUSE Table
2020-11-29 11:48:26 INFO [it.unipr.ingegneria.entities.Warehouse:59] - Add in Warehouse Wine
2020-11-29 11:48:26 INFO [it.unipr.ingegneria.entities.Wine:210] - Inserted Wine with ID: 3157 in WINE Table
2020-11-29 11:48:26 INFO [it.unipr.ingegneria.entities.Wine:210] - Inserted Wine with ID: 3158 in WINE Table
2020-11-29 11:48:26 INFO [it.unipr.ingegneria.entities.Wine:210] - Inserted Wine with ID: 3159 in WINE Table
2020-11-29 11:48:26 INFO [it.unipr.ingegneria.entities.Wine:210] - Inserted Wine with ID: 3160 in WINE Table
2020-11-29 11:48:26 INFO [it.unipr.ingegneria.entities.Wine:210] - Inserted Wine with ID: 3161 in WINE Table
2020-11-29 11:48:26 INFO [it.unipr.ingegneria.entities.Wine:210] - Inserted Wine with ID: 3162 in WINE Table
2020-11-29 11:48:26 INFO [it.unipr.ingegneria.entities.Wine:210] - Inserted Wine with ID: 3163 in WINE Table
2020-11-29 11:48:26 INFO [it.unipr.ingegneria.entities.Wine:210] - Inserted Wine with ID: 3164 in WINE Table
2020-11-29 11:48:26 INFO [it.unipr.ingegneria.entities.Wine:210] - Inserted Wine with ID: 3165 in WINE Table
2020-11-29 11:48:26 INFO [it.unipr.ingegneria.entities.Wine:210] - Inserted Wine with ID: 3166 in WINE Table
2020-11-29 11:48:27 INFO [it.unipr.ingegneria.entities.Wine:210] - Inserted Wine with ID: 3167 in WINE Table
2020-11-29 11:48:27 INFO [it.unipr.ingegneria.entities.Wine:210] - Inserted Wine with ID: 3168 in WINE Table
2020-11-29 11:48:27 INFO [it.unipr.ingegneria.entities.Wine:210] - Inserted Wine with ID: 3169 in WINE Table
2020-11-29 11:48:27 INFO [it.unipr.ingegneria.entities.Wine:210] - Inserted Wine with ID: 3170 in WINE Table
2020-11-29 11:48:27 INFO [it.unipr.ingegneria.entities.Wine:210] - Inserted Wine with ID: 3171 in WINE Table
2020-11-29 11:48:27 INFO [it.unipr.ingegneria.entities.Wine:210] - Inserted Wine with ID: 3172 in WINE Table
2020-11-29 11:48:27 INFO [it.unipr.ingegneria.entities.Wine:210] - Inserted Wine with ID: 3173 in WINE Table
2020-11-29 11:48:27 INFO [it.unipr.ingegneria.entities.Wine:210] - Inserted Wine with ID: 3174 in WINE Table
2020-11-29 11:48:27 INFO [it.unipr.ingegneria.entities.Wine:210] - Inserted Wine with ID: 3175 in WINE Table
2020-11-29 11:48:27 INFO [it.unipr.ingegneria.entities.Wine:210] - Inserted Wine with ID: 3176 in WINE Table
2020-11-29 11:48:27 INFO [it.unipr.ingegneria.entities.Wine:210] - Inserted Wine with ID: 3177 in WINE Table
2020-11-29 11:48:27 INFO [it.unipr.ingegneria.entities.Wine:210] - Inserted Wine with ID: 3178 in WINE Table
2020-11-29 11:48:27 INFO [it.unipr.ingegneria.entities.Wine:210] - Inserted Wine with ID: 3179 in WINE Table
2020-11-29 11:48:27 INFO [it.unipr.ingegneria.entities.Wine:210] - Inserted Wine with ID: 3180 in WINE Table
2020-11-29 11:48:27 INFO [it.unipr.ingegneria.entities.Wine:210] - Inserted Wine with ID: 3181 in WINE Table
2020-11-29 11:48:27 INFO [it.unipr.ingegneria.entities.Warehouse:59] - Add in Warehouse Wine
2020-11-29 11:48:27 INFO [it.unipr.ingegneria.entities.Wine:210] - Inserted Wine with ID: 3182 in WINE Table
2020-11-29 11:48:27 INFO [it.unipr.ingegneria.entities.Wine:210] - Inserted Wine with ID: 3183 in WINE Table
2020-11-29 11:48:27 INFO [it.unipr.ingegneria.entities.Wine:210] - Inserted Wine with ID: 3184 in WINE Table
2020-11-29 11:48:27 INFO [it.unipr.ingegneria.entities.Wine:210] - Inserted Wine with ID: 3185 in WINE Table
2020-11-29 11:48:27 INFO [it.unipr.ingegneria.entities.Wine:210] - Inserted Wine with ID: 3186 in WINE Table
2020-11-29 11:48:27 INFO [it.unipr.ingegneria.entities.Wine:210] - Inserted Wine with ID: 3187 in WINE Table
2020-11-29 11:48:27 INFO [it.unipr.ingegneria.entities.Wine:210] - Inserted Wine with ID: 3188 in WINE Table
2020-11-29 11:48:27 INFO [it.unipr.ingegneria.entities.Wine:210] - Inserted Wine with ID: 3189 in WINE Table
2020-11-29 11:48:27 INFO [it.unipr.ingegneria.entities.Wine:210] - Inserted Wine with ID: 3190 in WINE Table
2020-11-29 11:48:27 INFO [it.unipr.ingegneria.entities.Wine:210] - Inserted Wine with ID: 3191 in WINE Table
2020-11-29 11:48:27 INFO [it.unipr.ingegneria.entities.Wine:210] - Inserted Wine with ID: 3192 in WINE Table
2020-11-29 11:48:27 INFO [it.unipr.ingegneria.entities.Wine:210] - Inserted Wine with ID: 3193 in WINE Table
2020-11-29 11:48:27 INFO [it.unipr.ingegneria.entities.Wine:210] - Inserted Wine with ID: 3194 in WINE Table
2020-11-29 11:48:27 INFO [it.unipr.ingegneria.entities.Wine:210] - Inserted Wine with ID: 3195 in WINE Table
2020-11-29 11:48:27 INFO [it.unipr.ingegneria.entities.Wine:210] - Inserted Wine with ID: 3196 in WINE Table
2020-11-29 11:48:27 INFO [it.unipr.ingegneria.entities.Wine:210] - Inserted Wine with ID: 3197 in WINE Table
2020-11-29 11:48:27 INFO [it.unipr.ingegneria.entities.Wine:210] - Inserted Wine with ID: 3198 in WINE Table
2020-11-29 11:48:27 INFO [it.unipr.ingegneria.entities.Wine:210] - Inserted Wine with ID: 3199 in WINE Table
2020-11-29 11:48:27 INFO [it.unipr.ingegneria.entities.Wine:210] - Inserted Wine with ID: 3200 in WINE Table
2020-11-29 11:48:27 INFO [it.unipr.ingegneria.entities.Wine:210] - Inserted Wine with ID: 3201 in WINE Table
2020-11-29 11:48:27 INFO [it.unipr.ingegneria.entities.Wine:210] - Inserted Wine with ID: 3202 in WINE Table
2020-11-29 11:48:27 INFO [it.unipr.ingegneria.entities.Wine:210] - Inserted Wine with ID: 3203 in WINE Table
2020-11-29 11:48:27 INFO [it.unipr.ingegneria.entities.Wine:210] - Inserted Wine with ID: 3204 in WINE Table
2020-11-29 11:48:27 INFO [it.unipr.ingegneria.entities.Wine:210] - Inserted Wine with ID: 3205 in WINE Table
2020-11-29 11:48:27 INFO [it.unipr.ingegneria.entities.Wine:210] - Inserted Wine with ID: 3206 in WINE Table
2020-11-29 11:48:28 INFO [it.unipr.ingegneria.entities.Warehouse:107] - Check in Warehouse for availability of Wine
2020-11-29 11:48:38 INFO [it.unipr.ingegneria.db.DBContext:24] - Connecting to database...
2020-11-29 11:48:40 INFO [it.unipr.ingegneria.entities.Warehouse:48] - Inserted Warehouse with ID: 200 in WAREHOUSE Table
2020-11-29 11:48:48 INFO [it.unipr.ingegneria.entities.Warehouse:59] - Add in Warehouse Wine
2020-11-29 11:48:48 INFO [it.unipr.ingegneria.entities.Wine:210] - Inserted Wine with ID: 3207 in WINE Table
2020-11-29 11:48:48 INFO [it.unipr.ingegneria.entities.Wine:210] - Inserted Wine with ID: 3208 in WINE Table
2020-11-29 11:48:48 INFO [it.unipr.ingegneria.entities.Wine:210] - Inserted Wine with ID: 3209 in WINE Table
2020-11-29 11:48:48 INFO [it.unipr.ingegneria.entities.Wine:210] - Inserted Wine with ID: 3210 in WINE Table
2020-11-29 11:48:48 INFO [it.unipr.ingegneria.entities.Wine:210] - Inserted Wine with ID: 3211 in WINE Table
2020-11-29 11:48:48 INFO [it.unipr.ingegneria.entities.Wine:210] - Inserted Wine with ID: 3212 in WINE Table
2020-11-29 11:48:48 INFO [it.unipr.ingegneria.entities.Wine:210] - Inserted Wine with ID: 3213 in WINE Table
2020-11-29 11:48:48 INFO [it.unipr.ingegneria.entities.Wine:210] - Inserted Wine with ID: 3214 in WINE Table
2020-11-29 11:48:48 INFO [it.unipr.ingegneria.entities.Wine:210] - Inserted Wine with ID: 3215 in WINE Table
2020-11-29 11:48:48 INFO [it.unipr.ingegneria.entities.Wine:210] - Inserted Wine with ID: 3216 in WINE Table
2020-11-29 11:48:48 INFO [it.unipr.ingegneria.entities.Wine:210] - Inserted Wine with ID: 3217 in WINE Table
2020-11-29 11:48:48 INFO [it.unipr.ingegneria.entities.Wine:210] - Inserted Wine with ID: 3218 in WINE Table
2020-11-29 11:48:48 INFO [it.unipr.ingegneria.entities.Wine:210] - Inserted Wine with ID: 3219 in WINE Table
2020-11-29 11:48:48 INFO [it.unipr.ingegneria.entities.Wine:210] - Inserted Wine with ID: 3220 in WINE Table
2020-11-29 11:48:48 INFO [it.unipr.ingegneria.entities.Wine:210] - Inserted Wine with ID: 3221 in WINE Table
2020-11-29 11:48:48 INFO [it.unipr.ingegneria.entities.Wine:210] - Inserted Wine with ID: 3222 in WINE Table
2020-11-29 11:48:48 INFO [it.unipr.ingegneria.entities.Wine:210] - Inserted Wine with ID: 3223 in WINE Table
2020-11-29 11:48:48 INFO [it.unipr.ingegneria.entities.Wine:210] - Inserted Wine with ID: 3224 in WINE Table
2020-11-29 11:48:48 INFO [it.unipr.ingegneria.entities.Wine:210] - Inserted Wine with ID: 3225 in WINE Table
2020-11-29 11:48:48 INFO [it.unipr.ingegneria.entities.Wine:210] - Inserted Wine with ID: 3226 in WINE Table
2020-11-29 11:48:48 INFO [it.unipr.ingegneria.entities.Wine:210] - Inserted Wine with ID: 3227 in WINE Table
2020-11-29 11:48:48 INFO [it.unipr.ingegneria.entities.Wine:210] - Inserted Wine with ID: 3228 in WINE Table
2020-11-29 11:48:48 INFO [it.unipr.ingegneria.entities.Wine:210] - Inserted Wine with ID: 3229 in WINE Table
2020-11-29 11:48:48 INFO [it.unipr.ingegneria.entities.Wine:210] - Inserted Wine with ID: 3230 in WINE Table
2020-11-29 11:48:48 INFO [it.unipr.ingegneria.entities.Wine:210] - Inserted Wine with ID: 3231 in WINE Table
2020-11-29 11:48:48 INFO [it.unipr.ingegneria.entities.Warehouse:59] - Add in Warehouse Wine
2020-11-29 11:48:48 INFO [it.unipr.ingegneria.entities.Wine:210] - Inserted Wine with ID: 3232 in WINE Table
2020-11-29 11:48:48 INFO [it.unipr.ingegneria.entities.Wine:210] - Inserted Wine with ID: 3233 in WINE Table
2020-11-29 11:48:48 INFO [it.unipr.ingegneria.entities.Wine:210] - Inserted Wine with ID: 3234 in WINE Table
2020-11-29 11:48:48 INFO [it.unipr.ingegneria.entities.Wine:210] - Inserted Wine with ID: 3235 in WINE Table
2020-11-29 11:48:48 INFO [it.unipr.ingegneria.entities.Wine:210] - Inserted Wine with ID: 3236 in WINE Table
2020-11-29 11:48:48 INFO [it.unipr.ingegneria.entities.Wine:210] - Inserted Wine with ID: 3237 in WINE Table
2020-11-29 11:48:48 INFO [it.unipr.ingegneria.entities.Wine:210] - Inserted Wine with ID: 3238 in WINE Table
2020-11-29 11:48:48 INFO [it.unipr.ingegneria.entities.Wine:210] - Inserted Wine with ID: 3239 in WINE Table
2020-11-29 11:48:48 INFO [it.unipr.ingegneria.entities.Wine:210] - Inserted Wine with ID: 3240 in WINE Table
2020-11-29 11:48:48 INFO [it.unipr.ingegneria.entities.Wine:210] - Inserted Wine with ID: 3241 in WINE Table
2020-11-29 11:48:48 INFO [it.unipr.ingegneria.entities.Wine:210] - Inserted Wine with ID: 3242 in WINE Table
2020-11-29 11:48:48 INFO [it.unipr.ingegneria.entities.Wine:210] - Inserted Wine with ID: 3243 in WINE Table
2020-11-29 11:48:48 INFO [it.unipr.ingegneria.entities.Wine:210] - Inserted Wine with ID: 3244 in WINE Table
2020-11-29 11:48:48 INFO [it.unipr.ingegneria.entities.Wine:210] - Inserted Wine with ID: 3245 in WINE Table
2020-11-29 11:48:48 INFO [it.unipr.ingegneria.entities.Wine:210] - Inserted Wine with ID: 3246 in WINE Table
2020-11-29 11:48:48 INFO [it.unipr.ingegneria.entities.Wine:210] - Inserted Wine with ID: 3247 in WINE Table
2020-11-29 11:48:48 INFO [it.unipr.ingegneria.entities.Wine:210] - Inserted Wine with ID: 3248 in WINE Table
2020-11-29 11:48:48 INFO [it.unipr.ingegneria.entities.Wine:210] - Inserted Wine with ID: 3249 in WINE Table
2020-11-29 11:48:48 INFO [it.unipr.ingegneria.entities.Wine:210] - Inserted Wine with ID: 3250 in WINE Table
2020-11-29 11:48:48 INFO [it.unipr.ingegneria.entities.Wine:210] - Inserted Wine with ID: 3251 in WINE Table
2020-11-29 11:48:48 INFO [it.unipr.ingegneria.entities.Wine:210] - Inserted Wine with ID: 3252 in WINE Table
2020-11-29 11:48:48 INFO [it.unipr.ingegneria.entities.Wine:210] - Inserted Wine with ID: 3253 in WINE Table
2020-11-29 11:48:48 INFO [it.unipr.ingegneria.entities.Wine:210] - Inserted Wine with ID: 3254 in WINE Table
2020-11-29 11:48:48 INFO [it.unipr.ingegneria.entities.Wine:210] - Inserted Wine with ID: 3255 in WINE Table
2020-11-29 11:48:48 INFO [it.unipr.ingegneria.entities.Wine:210] - Inserted Wine with ID: 3256 in WINE Table
2020-11-29 11:48:48 INFO [it.unipr.ingegneria.entities.Warehouse:107] - Check in Warehouse for availability of Wine
2020-11-29 11:49:47 INFO [it.unipr.ingegneria.db.DBContext:24] - Connecting to database...
2020-11-29 11:49:48 INFO [it.unipr.ingegneria.entities.Warehouse:48] - Inserted Warehouse with ID: 201 in WAREHOUSE Table
2020-11-29 11:49:54 INFO [it.unipr.ingegneria.entities.Warehouse:59] - Add in Warehouse Wine
2020-11-29 11:49:54 INFO [it.unipr.ingegneria.entities.Wine:210] - Inserted Wine with ID: 3257 in WINE Table
2020-11-29 11:49:54 INFO [it.unipr.ingegneria.entities.Wine:210] - Inserted Wine with ID: 3258 in WINE Table
2020-11-29 11:49:54 INFO [it.unipr.ingegneria.entities.Wine:210] - Inserted Wine with ID: 3259 in WINE Table
2020-11-29 11:49:55 INFO [it.unipr.ingegneria.entities.Wine:210] - Inserted Wine with ID: 3260 in WINE Table
2020-11-29 11:49:55 INFO [it.unipr.ingegneria.entities.Wine:210] - Inserted Wine with ID: 3261 in WINE Table
2020-11-29 11:49:55 INFO [it.unipr.ingegneria.entities.Wine:210] - Inserted Wine with ID: 3262 in WINE Table
2020-11-29 11:49:55 INFO [it.unipr.ingegneria.entities.Wine:210] - Inserted Wine with ID: 3263 in WINE Table
2020-11-29 11:49:55 INFO [it.unipr.ingegneria.entities.Wine:210] - Inserted Wine with ID: 3264 in WINE Table
2020-11-29 11:49:55 INFO [it.unipr.ingegneria.entities.Wine:210] - Inserted Wine with ID: 3265 in WINE Table
2020-11-29 11:49:55 INFO [it.unipr.ingegneria.entities.Wine:210] - Inserted Wine with ID: 3266 in WINE Table
2020-11-29 11:49:55 INFO [it.unipr.ingegneria.entities.Wine:210] - Inserted Wine with ID: 3267 in WINE Table
2020-11-29 11:49:55 INFO [it.unipr.ingegneria.entities.Wine:210] - Inserted Wine with ID: 3268 in WINE Table
2020-11-29 11:49:55 INFO [it.unipr.ingegneria.entities.Wine:210] - Inserted Wine with ID: 3269 in WINE Table
2020-11-29 11:49:55 INFO [it.unipr.ingegneria.entities.Wine:210] - Inserted Wine with ID: 3270 in WINE Table
2020-11-29 11:49:55 INFO [it.unipr.ingegneria.entities.Wine:210] - Inserted Wine with ID: 3271 in WINE Table
2020-11-29 11:49:55 INFO [it.unipr.ingegneria.entities.Wine:210] - Inserted Wine with ID: 3272 in WINE Table
2020-11-29 11:49:55 INFO [it.unipr.ingegneria.entities.Wine:210] - Inserted Wine with ID: 3273 in WINE Table
2020-11-29 11:49:55 INFO [it.unipr.ingegneria.entities.Wine:210] - Inserted Wine with ID: 3274 in WINE Table
2020-11-29 11:49:55 INFO [it.unipr.ingegneria.entities.Wine:210] - Inserted Wine with ID: 3275 in WINE Table
2020-11-29 11:49:55 INFO [it.unipr.ingegneria.entities.Wine:210] - Inserted Wine with ID: 3276 in WINE Table
2020-11-29 11:49:55 INFO [it.unipr.ingegneria.entities.Wine:210] - Inserted Wine with ID: 3277 in WINE Table
2020-11-29 11:49:55 INFO [it.unipr.ingegneria.entities.Wine:210] - Inserted Wine with ID: 3278 in WINE Table
2020-11-29 11:49:55 INFO [it.unipr.ingegneria.entities.Wine:210] - Inserted Wine with ID: 3279 in WINE Table
2020-11-29 11:49:55 INFO [it.unipr.ingegneria.entities.Wine:210] - Inserted Wine with ID: 3280 in WINE Table
2020-11-29 11:49:55 INFO [it.unipr.ingegneria.entities.Wine:210] - Inserted Wine with ID: 3281 in WINE Table
2020-11-29 11:49:55 INFO [it.unipr.ingegneria.entities.Warehouse:59] - Add in Warehouse Wine
2020-11-29 11:49:55 INFO [it.unipr.ingegneria.entities.Wine:210] - Inserted Wine with ID: 3282 in WINE Table
2020-11-29 11:49:55 INFO [it.unipr.ingegneria.entities.Wine:210] - Inserted Wine with ID: 3283 in WINE Table
2020-11-29 11:49:55 INFO [it.unipr.ingegneria.entities.Wine:210] - Inserted Wine with ID: 3284 in WINE Table
2020-11-29 11:49:55 INFO [it.unipr.ingegneria.entities.Wine:210] - Inserted Wine with ID: 3285 in WINE Table
2020-11-29 11:49:55 INFO [it.unipr.ingegneria.entities.Wine:210] - Inserted Wine with ID: 3286 in WINE Table
2020-11-29 11:49:55 INFO [it.unipr.ingegneria.entities.Wine:210] - Inserted Wine with ID: 3287 in WINE Table
2020-11-29 11:49:55 INFO [it.unipr.ingegneria.entities.Wine:210] - Inserted Wine with ID: 3288 in WINE Table
2020-11-29 11:49:55 INFO [it.unipr.ingegneria.entities.Wine:210] - Inserted Wine with ID: 3289 in WINE Table
2020-11-29 11:49:55 INFO [it.unipr.ingegneria.entities.Wine:210] - Inserted Wine with ID: 3290 in WINE Table
2020-11-29 11:49:55 INFO [it.unipr.ingegneria.entities.Wine:210] - Inserted Wine with ID: 3291 in WINE Table
2020-11-29 11:49:55 INFO [it.unipr.ingegneria.entities.Wine:210] - Inserted Wine with ID: 3292 in WINE Table
2020-11-29 11:49:55 INFO [it.unipr.ingegneria.entities.Wine:210] - Inserted Wine with ID: 3293 in WINE Table
2020-11-29 11:49:55 INFO [it.unipr.ingegneria.entities.Wine:210] - Inserted Wine with ID: 3294 in WINE Table
2020-11-29 11:49:55 INFO [it.unipr.ingegneria.entities.Wine:210] - Inserted Wine with ID: 3295 in WINE Table
2020-11-29 11:49:55 INFO [it.unipr.ingegneria.entities.Wine:210] - Inserted Wine with ID: 3296 in WINE Table
2020-11-29 11:49:55 INFO [it.unipr.ingegneria.entities.Wine:210] - Inserted Wine with ID: 3297 in WINE Table
2020-11-29 11:49:55 INFO [it.unipr.ingegneria.entities.Wine:210] - Inserted Wine with ID: 3298 in WINE Table
2020-11-29 11:49:55 INFO [it.unipr.ingegneria.entities.Wine:210] - Inserted Wine with ID: 3299 in WINE Table
2020-11-29 11:49:55 INFO [it.unipr.ingegneria.entities.Wine:210] - Inserted Wine with ID: 3300 in WINE Table
2020-11-29 11:49:55 INFO [it.unipr.ingegneria.entities.Wine:210] - Inserted Wine with ID: 3301 in WINE Table
2020-11-29 11:49:55 INFO [it.unipr.ingegneria.entities.Wine:210] - Inserted Wine with ID: 3302 in WINE Table
2020-11-29 11:49:55 INFO [it.unipr.ingegneria.entities.Wine:210] - Inserted Wine with ID: 3303 in WINE Table
2020-11-29 11:49:55 INFO [it.unipr.ingegneria.entities.Wine:210] - Inserted Wine with ID: 3304 in WINE Table
2020-11-29 11:49:55 INFO [it.unipr.ingegneria.entities.Wine:210] - Inserted Wine with ID: 3305 in WINE Table
2020-11-29 11:49:55 INFO [it.unipr.ingegneria.entities.Wine:210] - Inserted Wine with ID: 3306 in WINE Table
2020-11-29 11:49:56 INFO [it.unipr.ingegneria.entities.Warehouse:107] - Check in Warehouse for availability of Wine
2020-11-29 11:52:57 INFO [it.unipr.ingegneria.db.DBContext:24] - Connecting to database...
2020-11-29 11:52:58 INFO [it.unipr.ingegneria.entities.Warehouse:48] - Inserted Warehouse with ID: 202 in WAREHOUSE Table
2020-11-29 11:53:02 INFO [it.unipr.ingegneria.db.DBContext:24] - Connecting to database...
2020-11-29 11:53:03 INFO [it.unipr.ingegneria.entities.Warehouse:48] - Inserted Warehouse with ID: 203 in WAREHOUSE Table
2020-11-29 11:53:09 INFO [it.unipr.ingegneria.entities.Warehouse:59] - Add in Warehouse Wine
2020-11-29 11:53:09 INFO [it.unipr.ingegneria.entities.Wine:210] - Inserted Wine with ID: 3307 in WINE Table
2020-11-29 11:53:09 INFO [it.unipr.ingegneria.entities.Wine:210] - Inserted Wine with ID: 3308 in WINE Table
2020-11-29 11:53:09 INFO [it.unipr.ingegneria.entities.Wine:210] - Inserted Wine with ID: 3309 in WINE Table
2020-11-29 11:53:09 INFO [it.unipr.ingegneria.entities.Wine:210] - Inserted Wine with ID: 3310 in WINE Table
2020-11-29 11:53:09 INFO [it.unipr.ingegneria.entities.Wine:210] - Inserted Wine with ID: 3311 in WINE Table
2020-11-29 11:53:09 INFO [it.unipr.ingegneria.entities.Wine:210] - Inserted Wine with ID: 3312 in WINE Table
2020-11-29 11:53:09 INFO [it.unipr.ingegneria.entities.Wine:210] - Inserted Wine with ID: 3313 in WINE Table
2020-11-29 11:53:09 INFO [it.unipr.ingegneria.entities.Wine:210] - Inserted Wine with ID: 3314 in WINE Table
2020-11-29 11:53:09 INFO [it.unipr.ingegneria.entities.Wine:210] - Inserted Wine with ID: 3315 in WINE Table
2020-11-29 11:53:09 INFO [it.unipr.ingegneria.entities.Wine:210] - Inserted Wine with ID: 3316 in WINE Table
2020-11-29 11:53:09 INFO [it.unipr.ingegneria.entities.Wine:210] - Inserted Wine with ID: 3317 in WINE Table
2020-11-29 11:53:09 INFO [it.unipr.ingegneria.entities.Wine:210] - Inserted Wine with ID: 3318 in WINE Table
2020-11-29 11:53:09 INFO [it.unipr.ingegneria.entities.Wine:210] - Inserted Wine with ID: 3319 in WINE Table
2020-11-29 11:53:09 INFO [it.unipr.ingegneria.entities.Wine:210] - Inserted Wine with ID: 3320 in WINE Table
2020-11-29 11:53:09 INFO [it.unipr.ingegneria.entities.Wine:210] - Inserted Wine with ID: 3321 in WINE Table
2020-11-29 11:53:09 INFO [it.unipr.ingegneria.entities.Wine:210] - Inserted Wine with ID: 3322 in WINE Table
2020-11-29 11:53:09 INFO [it.unipr.ingegneria.entities.Wine:210] - Inserted Wine with ID: 3323 in WINE Table
2020-11-29 11:53:09 INFO [it.unipr.ingegneria.entities.Wine:210] - Inserted Wine with ID: 3324 in WINE Table
2020-11-29 11:53:09 INFO [it.unipr.ingegneria.entities.Wine:210] - Inserted Wine with ID: 3325 in WINE Table
2020-11-29 11:53:09 INFO [it.unipr.ingegneria.entities.Wine:210] - Inserted Wine with ID: 3326 in WINE Table
2020-11-29 11:53:09 INFO [it.unipr.ingegneria.entities.Wine:210] - Inserted Wine with ID: 3327 in WINE Table
2020-11-29 11:53:09 INFO [it.unipr.ingegneria.entities.Wine:210] - Inserted Wine with ID: 3328 in WINE Table
2020-11-29 11:53:09 INFO [it.unipr.ingegneria.entities.Wine:210] - Inserted Wine with ID: 3329 in WINE Table
2020-11-29 11:53:09 INFO [it.unipr.ingegneria.entities.Wine:210] - Inserted Wine with ID: 3330 in WINE Table
2020-11-29 11:53:09 INFO [it.unipr.ingegneria.entities.Wine:210] - Inserted Wine with ID: 3331 in WINE Table
2020-11-29 11:53:10 INFO [it.unipr.ingegneria.entities.Warehouse:59] - Add in Warehouse Wine
2020-11-29 11:53:10 INFO [it.unipr.ingegneria.entities.Wine:210] - Inserted Wine with ID: 3332 in WINE Table
2020-11-29 11:53:10 INFO [it.unipr.ingegneria.entities.Wine:210] - Inserted Wine with ID: 3333 in WINE Table
2020-11-29 11:53:10 INFO [it.unipr.ingegneria.entities.Wine:210] - Inserted Wine with ID: 3334 in WINE Table
2020-11-29 11:53:10 INFO [it.unipr.ingegneria.entities.Wine:210] - Inserted Wine with ID: 3335 in WINE Table
2020-11-29 11:53:10 INFO [it.unipr.ingegneria.entities.Wine:210] - Inserted Wine with ID: 3336 in WINE Table
2020-11-29 11:53:10 INFO [it.unipr.ingegneria.entities.Wine:210] - Inserted Wine with ID: 3337 in WINE Table
2020-11-29 11:53:10 INFO [it.unipr.ingegneria.entities.Wine:210] - Inserted Wine with ID: 3338 in WINE Table
2020-11-29 11:53:10 INFO [it.unipr.ingegneria.entities.Wine:210] - Inserted Wine with ID: 3339 in WINE Table
2020-11-29 11:53:10 INFO [it.unipr.ingegneria.entities.Wine:210] - Inserted Wine with ID: 3340 in WINE Table
2020-11-29 11:53:10 INFO [it.unipr.ingegneria.entities.Wine:210] - Inserted Wine with ID: 3341 in WINE Table
2020-11-29 11:53:10 INFO [it.unipr.ingegneria.entities.Wine:210] - Inserted Wine with ID: 3342 in WINE Table
2020-11-29 11:53:10 INFO [it.unipr.ingegneria.entities.Wine:210] - Inserted Wine with ID: 3343 in WINE Table
2020-11-29 11:53:10 INFO [it.unipr.ingegneria.entities.Wine:210] - Inserted Wine with ID: 3344 in WINE Table
2020-11-29 11:53:10 INFO [it.unipr.ingegneria.entities.Wine:210] - Inserted Wine with ID: 3345 in WINE Table
2020-11-29 11:53:10 INFO [it.unipr.ingegneria.entities.Wine:210] - Inserted Wine with ID: 3346 in WINE Table
2020-11-29 11:53:10 INFO [it.unipr.ingegneria.entities.Wine:210] - Inserted Wine with ID: 3347 in WINE Table
2020-11-29 11:53:10 INFO [it.unipr.ingegneria.entities.Wine:210] - Inserted Wine with ID: 3348 in WINE Table
2020-11-29 11:53:10 INFO [it.unipr.ingegneria.entities.Wine:210] - Inserted Wine with ID: 3349 in WINE Table
2020-11-29 11:53:10 INFO [it.unipr.ingegneria.entities.Wine:210] - Inserted Wine with ID: 3350 in WINE Table
2020-11-29 11:53:10 INFO [it.unipr.ingegneria.entities.Wine:210] - Inserted Wine with ID: 3351 in WINE Table
2020-11-29 11:53:10 INFO [it.unipr.ingegneria.entities.Wine:210] - Inserted Wine with ID: 3352 in WINE Table
2020-11-29 11:53:10 INFO [it.unipr.ingegneria.entities.Wine:210] - Inserted Wine with ID: 3353 in WINE Table
2020-11-29 11:53:10 INFO [it.unipr.ingegneria.entities.Wine:210] - Inserted Wine with ID: 3354 in WINE Table
2020-11-29 11:53:10 INFO [it.unipr.ingegneria.entities.Wine:210] - Inserted Wine with ID: 3355 in WINE Table
2020-11-29 11:53:10 INFO [it.unipr.ingegneria.entities.Wine:210] - Inserted Wine with ID: 3356 in WINE Table
2020-11-29 11:53:10 INFO [it.unipr.ingegneria.entities.Warehouse:107] - Check in Warehouse for availability of Wine
2020-11-29 11:53:27 INFO [it.unipr.ingegneria.db.DBContext:24] - Connecting to database...
2020-11-29 11:53:28 INFO [it.unipr.ingegneria.entities.Warehouse:48] - Inserted Warehouse with ID: 204 in WAREHOUSE Table
2020-11-29 11:53:32 INFO [it.unipr.ingegneria.entities.Warehouse:59] - Add in Warehouse Wine
2020-11-29 11:53:32 INFO [it.unipr.ingegneria.entities.Wine:210] - Inserted Wine with ID: 3357 in WINE Table
2020-11-29 11:53:32 INFO [it.unipr.ingegneria.entities.Wine:210] - Inserted Wine with ID: 3358 in WINE Table
2020-11-29 11:53:32 INFO [it.unipr.ingegneria.entities.Wine:210] - Inserted Wine with ID: 3359 in WINE Table
2020-11-29 11:53:32 INFO [it.unipr.ingegneria.entities.Wine:210] - Inserted Wine with ID: 3360 in WINE Table
2020-11-29 11:53:32 INFO [it.unipr.ingegneria.entities.Wine:210] - Inserted Wine with ID: 3361 in WINE Table
2020-11-29 11:53:32 INFO [it.unipr.ingegneria.entities.Wine:210] - Inserted Wine with ID: 3362 in WINE Table
2020-11-29 11:53:32 INFO [it.unipr.ingegneria.entities.Wine:210] - Inserted Wine with ID: 3363 in WINE Table
2020-11-29 11:53:32 INFO [it.unipr.ingegneria.entities.Wine:210] - Inserted Wine with ID: 3364 in WINE Table
2020-11-29 11:53:32 INFO [it.unipr.ingegneria.entities.Wine:210] - Inserted Wine with ID: 3365 in WINE Table
2020-11-29 11:53:32 INFO [it.unipr.ingegneria.entities.Wine:210] - Inserted Wine with ID: 3366 in WINE Table
2020-11-29 11:53:32 INFO [it.unipr.ingegneria.entities.Wine:210] - Inserted Wine with ID: 3367 in WINE Table
2020-11-29 11:53:32 INFO [it.unipr.ingegneria.entities.Wine:210] - Inserted Wine with ID: 3368 in WINE Table
2020-11-29 11:53:32 INFO [it.unipr.ingegneria.entities.Wine:210] - Inserted Wine with ID: 3369 in WINE Table
2020-11-29 11:53:32 INFO [it.unipr.ingegneria.entities.Wine:210] - Inserted Wine with ID: 3370 in WINE Table
2020-11-29 11:53:32 INFO [it.unipr.ingegneria.entities.Wine:210] - Inserted Wine with ID: 3371 in WINE Table
2020-11-29 11:53:32 INFO [it.unipr.ingegneria.entities.Wine:210] - Inserted Wine with ID: 3372 in WINE Table
2020-11-29 11:53:32 INFO [it.unipr.ingegneria.entities.Wine:210] - Inserted Wine with ID: 3373 in WINE Table
2020-11-29 11:53:32 INFO [it.unipr.ingegneria.entities.Wine:210] - Inserted Wine with ID: 3374 in WINE Table
2020-11-29 11:53:32 INFO [it.unipr.ingegneria.entities.Wine:210] - Inserted Wine with ID: 3375 in WINE Table
2020-11-29 11:53:32 INFO [it.unipr.ingegneria.entities.Wine:210] - Inserted Wine with ID: 3376 in WINE Table
2020-11-29 11:53:32 INFO [it.unipr.ingegneria.entities.Wine:210] - Inserted Wine with ID: 3377 in WINE Table
2020-11-29 11:53:32 INFO [it.unipr.ingegneria.entities.Wine:210] - Inserted Wine with ID: 3378 in WINE Table
2020-11-29 11:53:32 INFO [it.unipr.ingegneria.entities.Wine:210] - Inserted Wine with ID: 3379 in WINE Table
2020-11-29 11:53:32 INFO [it.unipr.ingegneria.entities.Wine:210] - Inserted Wine with ID: 3380 in WINE Table
2020-11-29 11:53:32 INFO [it.unipr.ingegneria.entities.Wine:210] - Inserted Wine with ID: 3381 in WINE Table
2020-11-29 11:53:33 INFO [it.unipr.ingegneria.entities.Warehouse:59] - Add in Warehouse Wine
2020-11-29 11:53:33 INFO [it.unipr.ingegneria.entities.Wine:210] - Inserted Wine with ID: 3382 in WINE Table
2020-11-29 11:53:33 INFO [it.unipr.ingegneria.entities.Wine:210] - Inserted Wine with ID: 3383 in WINE Table
2020-11-29 11:53:33 INFO [it.unipr.ingegneria.entities.Wine:210] - Inserted Wine with ID: 3384 in WINE Table
2020-11-29 11:53:33 INFO [it.unipr.ingegneria.entities.Wine:210] - Inserted Wine with ID: 3385 in WINE Table
2020-11-29 11:53:33 INFO [it.unipr.ingegneria.entities.Wine:210] - Inserted Wine with ID: 3386 in WINE Table
2020-11-29 11:53:33 INFO [it.unipr.ingegneria.entities.Wine:210] - Inserted Wine with ID: 3387 in WINE Table
2020-11-29 11:53:33 INFO [it.unipr.ingegneria.entities.Wine:210] - Inserted Wine with ID: 3388 in WINE Table
2020-11-29 11:53:33 INFO [it.unipr.ingegneria.entities.Wine:210] - Inserted Wine with ID: 3389 in WINE Table
2020-11-29 11:53:33 INFO [it.unipr.ingegneria.entities.Wine:210] - Inserted Wine with ID: 3390 in WINE Table
2020-11-29 11:53:33 INFO [it.unipr.ingegneria.entities.Wine:210] - Inserted Wine with ID: 3391 in WINE Table
2020-11-29 11:53:33 INFO [it.unipr.ingegneria.entities.Wine:210] - Inserted Wine with ID: 3392 in WINE Table
2020-11-29 11:53:33 INFO [it.unipr.ingegneria.entities.Wine:210] - Inserted Wine with ID: 3393 in WINE Table
2020-11-29 11:53:33 INFO [it.unipr.ingegneria.entities.Wine:210] - Inserted Wine with ID: 3394 in WINE Table
2020-11-29 11:53:33 INFO [it.unipr.ingegneria.entities.Wine:210] - Inserted Wine with ID: 3395 in WINE Table
2020-11-29 11:53:33 INFO [it.unipr.ingegneria.entities.Wine:210] - Inserted Wine with ID: 3396 in WINE Table
2020-11-29 11:53:33 INFO [it.unipr.ingegneria.entities.Wine:210] - Inserted Wine with ID: 3397 in WINE Table
2020-11-29 11:53:33 INFO [it.unipr.ingegneria.entities.Wine:210] - Inserted Wine with ID: 3398 in WINE Table
2020-11-29 11:53:33 INFO [it.unipr.ingegneria.entities.Wine:210] - Inserted Wine with ID: 3399 in WINE Table
2020-11-29 11:53:33 INFO [it.unipr.ingegneria.entities.Wine:210] - Inserted Wine with ID: 3400 in WINE Table
2020-11-29 11:53:33 INFO [it.unipr.ingegneria.entities.Wine:210] - Inserted Wine with ID: 3401 in WINE Table
2020-11-29 11:53:33 INFO [it.unipr.ingegneria.entities.Wine:210] - Inserted Wine with ID: 3402 in WINE Table
2020-11-29 11:53:33 INFO [it.unipr.ingegneria.entities.Wine:210] - Inserted Wine with ID: 3403 in WINE Table
2020-11-29 11:53:33 INFO [it.unipr.ingegneria.entities.Wine:210] - Inserted Wine with ID: 3404 in WINE Table
2020-11-29 11:53:33 INFO [it.unipr.ingegneria.entities.Wine:210] - Inserted Wine with ID: 3405 in WINE Table
2020-11-29 11:53:33 INFO [it.unipr.ingegneria.entities.Wine:210] - Inserted Wine with ID: 3406 in WINE Table
2020-11-29 11:53:33 INFO [it.unipr.ingegneria.entities.Warehouse:107] - Check in Warehouse for availability of Wine
2020-12-03 23:18:31 INFO [it.unipr.ingegneria.db.DBContext:26] - Connecting to database...
2020-12-03 23:18:32 INFO [it.unipr.ingegneria.entities.Warehouse:265] - Inserted Warehouse with ID: 224 in WAREHOUSE Table
2020-12-03 23:19:39 INFO [it.unipr.ingegneria.entities.Warehouse:59] - Add in Warehouse Wine
2020-12-03 23:20:40 INFO [it.unipr.ingegneria.entities.Warehouse:59] - Add in Warehouse Wine
2020-12-03 23:20:41 INFO [it.unipr.ingegneria.entities.Warehouse:59] - Add in Warehouse Wine
2020-12-03 23:20:42 INFO [it.unipr.ingegneria.entities.Warehouse:59] - Add in Warehouse Wine
2020-12-03 23:21:48 INFO [it.unipr.ingegneria.db.DBContext:26] - Connecting to database...
2020-12-03 23:21:49 INFO [it.unipr.ingegneria.entities.Warehouse:265] - Inserted Warehouse with ID: 225 in WAREHOUSE Table
2020-12-03 23:22:30 INFO [it.unipr.ingegneria.entities.Warehouse:59] - Add in Warehouse Wine
2020-12-03 23:23:31 INFO [it.unipr.ingegneria.db.DBContext:26] - Connecting to database...
2020-12-03 23:23:33 INFO [it.unipr.ingegneria.entities.Warehouse:265] - Inserted Warehouse with ID: 226 in WAREHOUSE Table
2020-12-03 23:24:07 INFO [it.unipr.ingegneria.entities.Warehouse:59] - Add in Warehouse Wine
2020-12-03 23:24:14 INFO [it.unipr.ingegneria.entities.Wine:210] - Inserted Wine with ID: 4122 in WINE Table
2020-12-03 23:24:14 INFO [it.unipr.ingegneria.entities.Wine:210] - Inserted Wine with ID: 4123 in WINE Table
2020-12-03 23:24:14 INFO [it.unipr.ingegneria.entities.Wine:210] - Inserted Wine with ID: 4124 in WINE Table
2020-12-03 23:24:14 INFO [it.unipr.ingegneria.entities.Wine:210] - Inserted Wine with ID: 4125 in WINE Table
2020-12-03 23:24:14 INFO [it.unipr.ingegneria.entities.Wine:210] - Inserted Wine with ID: 4126 in WINE Table
2020-12-03 23:24:14 INFO [it.unipr.ingegneria.entities.Wine:210] - Inserted Wine with ID: 4127 in WINE Table
2020-12-03 23:24:14 INFO [it.unipr.ingegneria.entities.Wine:210] - Inserted Wine with ID: 4128 in WINE Table
2020-12-03 23:24:14 INFO [it.unipr.ingegneria.entities.Wine:210] - Inserted Wine with ID: 4129 in WINE Table
2020-12-03 23:24:14 INFO [it.unipr.ingegneria.entities.Wine:210] - Inserted Wine with ID: 4130 in WINE Table
2020-12-03 23:24:14 INFO [it.unipr.ingegneria.entities.Wine:210] - Inserted Wine with ID: 4131 in WINE Table
2020-12-03 23:24:14 INFO [it.unipr.ingegneria.entities.Wine:210] - Inserted Wine with ID: 4132 in WINE Table
2020-12-03 23:24:14 INFO [it.unipr.ingegneria.entities.Wine:210] - Inserted Wine with ID: 4133 in WINE Table
2020-12-03 23:24:14 INFO [it.unipr.ingegneria.entities.Wine:210] - Inserted Wine with ID: 4134 in WINE Table
2020-12-03 23:24:14 INFO [it.unipr.ingegneria.entities.Wine:210] - Inserted Wine with ID: 4135 in WINE Table
2020-12-03 23:24:14 INFO [it.unipr.ingegneria.entities.Wine:210] - Inserted Wine with ID: 4136 in WINE Table
2020-12-03 23:24:14 INFO [it.unipr.ingegneria.entities.Wine:210] - Inserted Wine with ID: 4137 in WINE Table
2020-12-03 23:24:14 INFO [it.unipr.ingegneria.entities.Wine:210] - Inserted Wine with ID: 4138 in WINE Table
2020-12-03 23:24:14 INFO [it.unipr.ingegneria.entities.Wine:210] - Inserted Wine with ID: 4139 in WINE Table
2020-12-03 23:24:14 INFO [it.unipr.ingegneria.entities.Wine:210] - Inserted Wine with ID: 4140 in WINE Table
2020-12-03 23:24:14 INFO [it.unipr.ingegneria.entities.Wine:210] - Inserted Wine with ID: 4141 in WINE Table
2020-12-03 23:24:14 INFO [it.unipr.ingegneria.entities.Wine:210] - Inserted Wine with ID: 4142 in WINE Table
2020-12-03 23:24:14 INFO [it.unipr.ingegneria.entities.Wine:210] - Inserted Wine with ID: 4143 in WINE Table
2020-12-03 23:24:14 INFO [it.unipr.ingegneria.entities.Wine:210] - Inserted Wine with ID: 4144 in WINE Table
2020-12-03 23:24:14 INFO [it.unipr.ingegneria.entities.Wine:210] - Inserted Wine with ID: 4145 in WINE Table
2020-12-03 23:24:14 INFO [it.unipr.ingegneria.entities.Wine:210] - Inserted Wine with ID: 4146 in WINE Table
2020-12-03 23:26:21 INFO [it.unipr.ingegneria.db.DBContext:26] - Connecting to database...
2020-12-03 23:26:23 INFO [it.unipr.ingegneria.entities.Warehouse:265] - Inserted Warehouse with ID: 227 in WAREHOUSE Table
2020-12-03 23:26:54 INFO [it.unipr.ingegneria.db.DBContext:26] - Connecting to database...
2020-12-03 23:26:55 INFO [it.unipr.ingegneria.entities.Warehouse:265] - Inserted Warehouse with ID: 228 in WAREHOUSE Table
2020-12-03 23:27:20 INFO [it.unipr.ingegneria.entities.Warehouse:59] - Add in Warehouse Wine
2020-12-03 23:28:36 INFO [it.unipr.ingegneria.db.DBContext:26] - Connecting to database...
2020-12-03 23:28:37 INFO [it.unipr.ingegneria.entities.Warehouse:265] - Inserted Warehouse with ID: 229 in WAREHOUSE Table
2020-12-03 23:29:33 INFO [it.unipr.ingegneria.entities.Warehouse:59] - Add in Warehouse Wine
2020-12-03 23:29:40 INFO [it.unipr.ingegneria.entities.Wine:210] - Inserted Wine with ID: 4148 in WINE Table
2020-12-03 23:29:40 INFO [it.unipr.ingegneria.entities.Wine:210] - Inserted Wine with ID: 4149 in WINE Table
2020-12-03 23:29:40 INFO [it.unipr.ingegneria.entities.Wine:210] - Inserted Wine with ID: 4150 in WINE Table
2020-12-03 23:29:40 INFO [it.unipr.ingegneria.entities.Wine:210] - Inserted Wine with ID: 4151 in WINE Table
2020-12-03 23:29:40 INFO [it.unipr.ingegneria.entities.Wine:210] - Inserted Wine with ID: 4152 in WINE Table
2020-12-03 23:29:40 INFO [it.unipr.ingegneria.entities.Wine:210] - Inserted Wine with ID: 4153 in WINE Table
2020-12-03 23:29:40 INFO [it.unipr.ingegneria.entities.Wine:210] - Inserted Wine with ID: 4154 in WINE Table
2020-12-03 23:29:40 INFO [it.unipr.ingegneria.entities.Wine:210] - Inserted Wine with ID: 4155 in WINE Table
2020-12-03 23:29:40 INFO [it.unipr.ingegneria.entities.Wine:210] - Inserted Wine with ID: 4156 in WINE Table
2020-12-03 23:29:40 INFO [it.unipr.ingegneria.entities.Wine:210] - Inserted Wine with ID: 4157 in WINE Table
2020-12-03 23:29:40 INFO [it.unipr.ingegneria.entities.Wine:210] - Inserted Wine with ID: 4158 in WINE Table
2020-12-03 23:29:40 INFO [it.unipr.ingegneria.entities.Wine:210] - Inserted Wine with ID: 4159 in WINE Table
2020-12-03 23:29:40 INFO [it.unipr.ingegneria.entities.Wine:210] - Inserted Wine with ID: 4160 in WINE Table
2020-12-03 23:29:40 INFO [it.unipr.ingegneria.entities.Wine:210] - Inserted Wine with ID: 4161 in WINE Table
2020-12-03 23:29:40 INFO [it.unipr.ingegneria.entities.Wine:210] - Inserted Wine with ID: 4162 in WINE Table
2020-12-03 23:29:40 INFO [it.unipr.ingegneria.entities.Wine:210] - Inserted Wine with ID: 4163 in WINE Table
2020-12-03 23:29:40 INFO [it.unipr.ingegneria.entities.Wine:210] - Inserted Wine with ID: 4164 in WINE Table
2020-12-03 23:29:40 INFO [it.unipr.ingegneria.entities.Wine:210] - Inserted Wine with ID: 4165 in WINE Table
2020-12-03 23:29:40 INFO [it.unipr.ingegneria.entities.Wine:210] - Inserted Wine with ID: 4166 in WINE Table
2020-12-03 23:29:40 INFO [it.unipr.ingegneria.entities.Wine:210] - Inserted Wine with ID: 4167 in WINE Table
2020-12-03 23:29:40 INFO [it.unipr.ingegneria.entities.Wine:210] - Inserted Wine with ID: 4168 in WINE Table
2020-12-03 23:29:40 INFO [it.unipr.ingegneria.entities.Wine:210] - Inserted Wine with ID: 4169 in WINE Table
2020-12-03 23:29:40 INFO [it.unipr.ingegneria.entities.Wine:210] - Inserted Wine with ID: 4170 in WINE Table
2020-12-03 23:29:40 INFO [it.unipr.ingegneria.entities.Wine:210] - Inserted Wine with ID: 4171 in WINE Table
2020-12-03 23:29:40 INFO [it.unipr.ingegneria.entities.Wine:210] - Inserted Wine with ID: 4172 in WINE Table
2020-12-04 21:40:43 INFO [it.unipr.ingegneria.db.DBContext:26] - Connecting to database...
2020-12-04 21:40:44 INFO [it.unipr.ingegneria.entities.Warehouse:265] - Inserted Warehouse with ID: 230 in WAREHOUSE Table
2020-12-04 21:40:55 INFO [it.unipr.ingegneria.entities.Warehouse:59] - Add in Warehouse Wine
2020-12-04 21:40:55 INFO [it.unipr.ingegneria.entities.Wine:210] - Inserted Wine with ID: 4173 in WINE Table
2020-12-04 21:40:55 INFO [it.unipr.ingegneria.entities.Wine:210] - Inserted Wine with ID: 4174 in WINE Table
2020-12-04 21:40:55 INFO [it.unipr.ingegneria.entities.Wine:210] - Inserted Wine with ID: 4175 in WINE Table
2020-12-04 21:40:55 INFO [it.unipr.ingegneria.entities.Wine:210] - Inserted Wine with ID: 4176 in WINE Table
2020-12-04 21:40:55 INFO [it.unipr.ingegneria.entities.Wine:210] - Inserted Wine with ID: 4177 in WINE Table
2020-12-04 21:40:55 INFO [it.unipr.ingegneria.entities.Wine:210] - Inserted Wine with ID: 4178 in WINE Table
2020-12-04 21:40:55 INFO [it.unipr.ingegneria.entities.Wine:210] - Inserted Wine with ID: 4179 in WINE Table
2020-12-04 21:40:55 INFO [it.unipr.ingegneria.entities.Wine:210] - Inserted Wine with ID: 4180 in WINE Table
2020-12-04 21:40:55 INFO [it.unipr.ingegneria.entities.Wine:210] - Inserted Wine with ID: 4181 in WINE Table
2020-12-04 21:40:55 INFO [it.unipr.ingegneria.entities.Wine:210] - Inserted Wine with ID: 4182 in WINE Table
2020-12-04 21:40:55 INFO [it.unipr.ingegneria.entities.Wine:210] - Inserted Wine with ID: 4183 in WINE Table
2020-12-04 21:40:55 INFO [it.unipr.ingegneria.entities.Wine:210] - Inserted Wine with ID: 4184 in WINE Table
2020-12-04 21:40:55 INFO [it.unipr.ingegneria.entities.Wine:210] - Inserted Wine with ID: 4185 in WINE Table
2020-12-04 21:40:55 INFO [it.unipr.ingegneria.entities.Wine:210] - Inserted Wine with ID: 4186 in WINE Table
2020-12-04 21:40:55 INFO [it.unipr.ingegneria.entities.Wine:210] - Inserted Wine with ID: 4187 in WINE Table
2020-12-04 21:40:55 INFO [it.unipr.ingegneria.entities.Wine:210] - Inserted Wine with ID: 4188 in WINE Table
2020-12-04 21:40:55 INFO [it.unipr.ingegneria.entities.Wine:210] - Inserted Wine with ID: 4189 in WINE Table
2020-12-04 21:40:55 INFO [it.unipr.ingegneria.entities.Wine:210] - Inserted Wine with ID: 4190 in WINE Table
2020-12-04 21:40:55 INFO [it.unipr.ingegneria.entities.Wine:210] - Inserted Wine with ID: 4191 in WINE Table
2020-12-04 21:40:55 INFO [it.unipr.ingegneria.entities.Wine:210] - Inserted Wine with ID: 4192 in WINE Table
2020-12-04 21:40:55 INFO [it.unipr.ingegneria.entities.Wine:210] - Inserted Wine with ID: 4193 in WINE Table
2020-12-04 21:40:55 INFO [it.unipr.ingegneria.entities.Wine:210] - Inserted Wine with ID: 4194 in WINE Table
2020-12-04 21:40:55 INFO [it.unipr.ingegneria.entities.Wine:210] - Inserted Wine with ID: 4195 in WINE Table
2020-12-04 21:40:55 INFO [it.unipr.ingegneria.entities.Wine:210] - Inserted Wine with ID: 4196 in WINE Table
2020-12-04 21:40:55 INFO [it.unipr.ingegneria.entities.Wine:210] - Inserted Wine with ID: 4197 in WINE Table
2020-12-04 21:40:56 INFO [it.unipr.ingegneria.entities.Warehouse:107] - Check in Warehouse for availability of Wine
2020-12-04 21:40:56 ERROR [it.unipr.ingegneria.request.create.CreateRequestManager:84] - Availability Exception
2020-12-04 21:40:56 INFO [it.unipr.ingegneria.entities.Warehouse:59] - Add in Warehouse Wine
2020-12-04 21:40:56 INFO [it.unipr.ingegneria.entities.Wine:210] - Inserted Wine with ID: 4198 in WINE Table
2020-12-04 21:40:56 INFO [it.unipr.ingegneria.entities.Wine:210] - Inserted Wine with ID: 4199 in WINE Table
2020-12-04 21:40:56 INFO [it.unipr.ingegneria.entities.Wine:210] - Inserted Wine with ID: 4200 in WINE Table
2020-12-04 21:40:56 INFO [it.unipr.ingegneria.entities.Wine:210] - Inserted Wine with ID: 4201 in WINE Table
2020-12-04 21:40:56 INFO [it.unipr.ingegneria.entities.Wine:210] - Inserted Wine with ID: 4202 in WINE Table
2020-12-04 21:40:56 INFO [it.unipr.ingegneria.entities.Wine:210] - Inserted Wine with ID: 4203 in WINE Table
2020-12-04 21:40:56 INFO [it.unipr.ingegneria.entities.Wine:210] - Inserted Wine with ID: 4204 in WINE Table
2020-12-04 21:40:56 INFO [it.unipr.ingegneria.entities.Wine:210] - Inserted Wine with ID: 4205 in WINE Table
2020-12-04 21:40:56 INFO [it.unipr.ingegneria.entities.Wine:210] - Inserted Wine with ID: 4206 in WINE Table
2020-12-04 21:40:56 INFO [it.unipr.ingegneria.entities.Wine:210] - Inserted Wine with ID: 4207 in WINE Table
2020-12-04 21:40:56 INFO [it.unipr.ingegneria.entities.Wine:210] - Inserted Wine with ID: 4208 in WINE Table
2020-12-04 21:40:56 INFO [it.unipr.ingegneria.entities.Wine:210] - Inserted Wine with ID: 4209 in WINE Table
2020-12-04 21:40:56 INFO [it.unipr.ingegneria.entities.Wine:210] - Inserted Wine with ID: 4210 in WINE Table
2020-12-04 21:40:56 INFO [it.unipr.ingegneria.entities.Wine:210] - Inserted Wine with ID: 4211 in WINE Table
2020-12-04 21:40:56 INFO [it.unipr.ingegneria.entities.Wine:210] - Inserted Wine with ID: 4212 in WINE Table
2020-12-04 21:40:56 INFO [it.unipr.ingegneria.entities.Wine:210] - Inserted Wine with ID: 4213 in WINE Table
2020-12-04 21:40:56 INFO [it.unipr.ingegneria.entities.Wine:210] - Inserted Wine with ID: 4214 in WINE Table
2020-12-04 21:40:56 INFO [it.unipr.ingegneria.entities.Wine:210] - Inserted Wine with ID: 4215 in WINE Table
2020-12-04 21:40:56 INFO [it.unipr.ingegneria.entities.Wine:210] - Inserted Wine with ID: 4216 in WINE Table
2020-12-04 21:40:56 INFO [it.unipr.ingegneria.entities.Wine:210] - Inserted Wine with ID: 4217 in WINE Table
2020-12-04 21:40:56 INFO [it.unipr.ingegneria.entities.Wine:210] - Inserted Wine with ID: 4218 in WINE Table
2020-12-04 21:40:56 INFO [it.unipr.ingegneria.entities.Wine:210] - Inserted Wine with ID: 4219 in WINE Table
2020-12-04 21:40:56 INFO [it.unipr.ingegneria.entities.Wine:210] - Inserted Wine with ID: 4220 in WINE Table
2020-12-04 21:40:56 INFO [it.unipr.ingegneria.entities.Wine:210] - Inserted Wine with ID: 4221 in WINE Table
2020-12-04 21:40:56 INFO [it.unipr.ingegneria.entities.Wine:210] - Inserted Wine with ID: 4222 in WINE Table
2020-12-04 21:40:56 INFO [it.unipr.ingegneria.entities.Warehouse:107] - Check in Warehouse for availability of Wine
2020-12-04 21:40:57 INFO [it.unipr.ingegneria.entities.ProvisioningManager:58] - Provisioning Manager received request
2020-12-04 21:40:57 INFO [it.unipr.ingegneria.entities.user.Employee:38] - Employee Lucia Neri is provisiong wine Chianti
2020-12-04 21:40:57 INFO [it.unipr.ingegneria.entities.Warehouse:59] - Add in Warehouse Wine
2020-12-04 21:40:57 INFO [it.unipr.ingegneria.entities.Wine:210] - Inserted Wine with ID: 4223 in WINE Table
2020-12-04 21:40:57 INFO [it.unipr.ingegneria.entities.Wine:210] - Inserted Wine with ID: 4224 in WINE Table
2020-12-04 21:40:57 INFO [it.unipr.ingegneria.entities.Wine:210] - Inserted Wine with ID: 4225 in WINE Table
2020-12-04 21:40:57 INFO [it.unipr.ingegneria.entities.Wine:210] - Inserted Wine with ID: 4226 in WINE Table
2020-12-04 21:40:57 INFO [it.unipr.ingegneria.entities.Wine:210] - Inserted Wine with ID: 4227 in WINE Table
2020-12-04 21:40:57 INFO [it.unipr.ingegneria.entities.Wine:210] - Inserted Wine with ID: 4228 in WINE Table
2020-12-04 21:40:57 INFO [it.unipr.ingegneria.entities.Wine:210] - Inserted Wine with ID: 4229 in WINE Table
2020-12-04 21:40:57 INFO [it.unipr.ingegneria.entities.Wine:210] - Inserted Wine with ID: 4230 in WINE Table
2020-12-04 21:40:57 INFO [it.unipr.ingegneria.entities.Wine:210] - Inserted Wine with ID: 4231 in WINE Table
2020-12-04 21:40:57 INFO [it.unipr.ingegneria.entities.Wine:210] - Inserted Wine with ID: 4232 in WINE Table
2020-12-04 21:40:57 INFO [it.unipr.ingegneria.entities.Wine:210] - Inserted Wine with ID: 4233 in WINE Table
2020-12-04 21:40:57 INFO [it.unipr.ingegneria.entities.Wine:210] - Inserted Wine with ID: 4234 in WINE Table
2020-12-04 21:40:57 INFO [it.unipr.ingegneria.entities.Wine:210] - Inserted Wine with ID: 4235 in WINE Table
2020-12-04 21:40:57 INFO [it.unipr.ingegneria.entities.Wine:210] - Inserted Wine with ID: 4236 in WINE Table
2020-12-04 21:40:57 INFO [it.unipr.ingegneria.entities.Wine:210] - Inserted Wine with ID: 4237 in WINE Table
